<?xml version="1.0" encoding="UTF-8"?>
<!-- Generated by org.testng.reporters.JUnitReportReporter -->
<testsuite hostname="LAPTOP-IKTGP4AP" failures="0" tests="2" name="selenium.Parallelexecution" time="15.578" errors="0" timestamp="2024-05-12T11:57:38 IST" skipped="0">
  <testcase classname="selenium.Parallelexecution" name="Chromegooglepage" time="7.295"/>
  <testcase classname="selenium.Parallelexecution" name="Chromegooglepage" time="8.283"/>
</testsuite> <!-- selenium.Parallelexecution -->
